<?xml version="1.0" encoding="UTF-8"?>
<!-- Generated by org.testng.reporters.JUnitReportReporter -->
<testsuite hostname="DESKTOP-2HTDNFM" failures="0" tests="1" name="M1Test" time="0.009" errors="0" timestamp="2021-06-23T15:07:09 IST" skipped="0">
  <testcase classname="M1Test" name="m1" time="0.009"/>
  <system-out/>
</testsuite> <!-- M1Test -->
